Running: C:\Xilinx\14.7\ISE_DS\ISE\bin\nt64\unwrapped\fuse.exe -intstyle ise -incremental -lib secureip -o C:/Users/ahmed/OneDrive/Desktop/Phase 1/ALU/TB3_isim_beh.exe -prj C:/Users/ahmed/OneDrive/Desktop/Phase 1/ALU/TB3_beh.prj work.TB3 
ISim P.20131013 (signature 0x7708f090)
Number of CPUs detected in this system: 12
Turning on mult-threading, number of parallel sub-compilation jobs: 24 
Determining compilation order of HDL files
Parsing VHDL file "C:/Users/ahmed/OneDrive/Desktop/Phase 1/ALU/fulladder.vhd" into library work
Parsing VHDL file "C:/Users/ahmed/OneDrive/Desktop/Phase 1/ALU/FourAdder.vhd" into library work
Parsing VHDL file "C:/Users/ahmed/OneDrive/Desktop/Phase 1/ALU/or_32bit.vhd" into library work
Parsing VHDL file "C:/Users/ahmed/OneDrive/Desktop/Phase 1/ALU/nor_32bit.vhd" into library work
Parsing VHDL file "C:/Users/ahmed/OneDrive/Desktop/Phase 1/ALU/mux_16to1.vhd" into library work
Parsing VHDL file "C:/Users/ahmed/OneDrive/Desktop/Phase 1/ALU/and_32bit.vhd" into library work
Parsing VHDL file "C:/Users/ahmed/OneDrive/Desktop/Phase 1/ALU/adder_32bit.vhd" into library work
Parsing VHDL file "C:/Users/ahmed/OneDrive/Desktop/Phase 1/ALU/ALU.vhd" into library work
Parsing VHDL file "C:/Users/ahmed/OneDrive/Desktop/Phase 1/ALU/TB3.vhd" into library work
Starting static elaboration
Completed static elaboration
Compiling package standard
Compiling package std_logic_1164
Compiling package numeric_std
Compiling package std_logic_arith
Compiling package std_logic_unsigned
Compiling architecture behavioral of entity mux_16to1 [mux_16to1_default]
Compiling architecture behavioral of entity fulladder [fulladder_default]
Compiling architecture behavioral of entity FourAdder [fouradder_default]
Compiling architecture behavioral of entity adder_32bit [adder_32bit_default]
Compiling architecture behavioral of entity and_32bit [and_32bit_default]
Compiling architecture behavioral of entity or_32bit [or_32bit_default]
Compiling architecture behavioral of entity nor_32bit [nor_32bit_default]
Compiling architecture behavioral of entity ALU [alu_default]
Compiling architecture behavior of entity tb3
Time Resolution for simulation is 1ps.
Waiting for 1 sub-compilation(s) to finish...
Compiled 22 VHDL Units
Built simulation executable C:/Users/ahmed/OneDrive/Desktop/Phase 1/ALU/TB3_isim_beh.exe
Fuse Memory Usage: 37712 KB
Fuse CPU Usage: 921 ms
